  Precompiled.cpp
C:\Users\LCV2042835\Documents\GitHub\Engine\Framework\Graphics\Inc\BillBoardEffect.h(5,10): warning C4067: unexpected tokens following preprocessor directive - expected a newline
  (compiling source file 'Src/Precompiled.cpp')
  
C:\Users\LCV2042835\Documents\GitHub\Engine\External\Bullet\BulletSoftBody\btSoftBody.h(38,50): warning C4305: 'initializing': truncation from 'double' to 'btScalar'
  (compiling source file '../Physics/Src/Precompiled.cpp')
  
C:\Users\LCV2042835\Documents\GitHub\Engine\External\Bullet\BulletSoftBody\btSoftBody.h(1232,17): warning C4244: 'initializing': conversion from 'double' to 'btScalar', possible loss of data
  (compiling source file '../Physics/Src/Precompiled.cpp')
  
C:\Users\LCV2042835\Documents\GitHub\Engine\External\Bullet\BulletSoftBody\btSoftBody.h(1357,21): warning C4244: '+=': conversion from 'double' to 'btScalar', possible loss of data
  (compiling source file '../Physics/Src/Precompiled.cpp')
  
C:\Users\LCV2042835\Documents\GitHub\Engine\External\Bullet\BulletSoftBody\btSoftBody.h(1361,21): warning C4244: 'initializing': conversion from 'double' to 'btScalar', possible loss of data
  (compiling source file '../Physics/Src/Precompiled.cpp')
  
C:\Users\LCV2042835\Documents\GitHub\Engine\External\Bullet\BulletSoftBody\btSoftBody.h(1385,20): warning C4244: '=': conversion from 'double' to 'btScalar', possible loss of data
  (compiling source file '../Physics/Src/Precompiled.cpp')
  
C:\Users\LCV2042835\Documents\GitHub\Engine\External\Bullet\BulletSoftBody\btSoftBody.h(1387,23): warning C4244: '=': conversion from 'double' to 'btScalar', possible loss of data
  (compiling source file '../Physics/Src/Precompiled.cpp')
  
C:\Users\LCV2042835\Documents\GitHub\Engine\External\Bullet\BulletSoftBody\btSoftBody.h(1269,17): warning C4244: 'initializing': conversion from 'double' to 'btScalar', possible loss of data
  (compiling source file '../Physics/Src/Precompiled.cpp')
  C:\Users\LCV2042835\Documents\GitHub\Engine\External\Bullet\BulletSoftBody\btSoftBody.h(1269,17):
  the template instantiation context (the oldest one first) is
  	C:\Users\LCV2042835\Documents\GitHub\Engine\External\Bullet\BulletSoftBody\btSoftBody.h(1303,4):
  	see reference to function template instantiation 'void btSoftBody::updateFace<btDbvtNode>(DBVTNODE *,bool,bool)' being compiled
          with
          [
              DBVTNODE=btDbvtNode
          ]
  
  CollisionShape.cpp
  PhysicsDebugDrawer.cpp
  PhysicsWorld.cpp
  RigidBody.cpp
  SoftBody.cpp
C:\Users\LCV2042835\Documents\GitHub\Engine\Framework\Physics\Src\SoftBody.cpp(17,68): warning C4267: 'argument': conversion from 'size_t' to 'int', possible loss of data
  (compiling source file '/Src/SoftBody.cpp')
  
C:\Users\LCV2042835\Documents\GitHub\Engine\Framework\Physics\Src\SoftBody.cpp(26,22): warning C4267: 'argument': conversion from 'size_t' to 'int', possible loss of data
  (compiling source file '/Src/SoftBody.cpp')
  
C:\Users\LCV2042835\Documents\GitHub\Engine\Framework\Physics\Src\SoftBody.cpp(60,69): warning C4267: 'argument': conversion from 'size_t' to 'int', possible loss of data
  (compiling source file '/Src/SoftBody.cpp')
  
  Generating Code...
  Physics.vcxproj -> C:\Users\LCV2042835\Documents\GitHub\Engine\x64\Debug\Physics.lib
