  PostProcessingEffect.cpp
C:\Users\Yarts\Documents\VGP330\Framework\Graphics\Src\PostProcessingEffect.cpp(77,51): warning C4244: 'initializing': conversion from 'uint32_t' to 'float', possible loss of data
  (compiling source file '/Src/PostProcessingEffect.cpp')
  
C:\Users\Yarts\Documents\VGP330\Framework\Graphics\Src\PostProcessingEffect.cpp(77,27): warning C4244: 'initializing': conversion from 'uint32_t' to 'const float', possible loss of data
  (compiling source file '/Src/PostProcessingEffect.cpp')
  
C:\Users\Yarts\Documents\VGP330\Framework\Graphics\Src\PostProcessingEffect.cpp(78,53): warning C4244: 'initializing': conversion from 'uint32_t' to 'float', possible loss of data
  (compiling source file '/Src/PostProcessingEffect.cpp')
  
C:\Users\Yarts\Documents\VGP330\Framework\Graphics\Src\PostProcessingEffect.cpp(78,28): warning C4244: 'initializing': conversion from 'uint32_t' to 'const float', possible loss of data
  (compiling source file '/Src/PostProcessingEffect.cpp')
  
C:\Users\Yarts\Documents\VGP330\Framework\Graphics\Src\PostProcessingEffect.cpp(87,51): warning C4244: 'initializing': conversion from 'uint32_t' to 'float', possible loss of data
  (compiling source file '/Src/PostProcessingEffect.cpp')
  
C:\Users\Yarts\Documents\VGP330\Framework\Graphics\Src\PostProcessingEffect.cpp(87,27): warning C4244: 'initializing': conversion from 'uint32_t' to 'const float', possible loss of data
  (compiling source file '/Src/PostProcessingEffect.cpp')
  
C:\Users\Yarts\Documents\VGP330\Framework\Graphics\Src\PostProcessingEffect.cpp(88,53): warning C4244: 'initializing': conversion from 'uint32_t' to 'float', possible loss of data
  (compiling source file '/Src/PostProcessingEffect.cpp')
  
C:\Users\Yarts\Documents\VGP330\Framework\Graphics\Src\PostProcessingEffect.cpp(88,28): warning C4244: 'initializing': conversion from 'uint32_t' to 'const float', possible loss of data
  (compiling source file '/Src/PostProcessingEffect.cpp')
  
C:\Users\Yarts\Documents\VGP330\Framework\Graphics\Src\PostProcessingEffect.cpp(138,62): warning C4267: 'argument': conversion from 'size_t' to 'int', possible loss of data
  (compiling source file '/Src/PostProcessingEffect.cpp')
  
  Graphics.vcxproj -> C:\Users\Yarts\Documents\VGP330\x64\Debug\Graphics.lib
